=== MLIR-RL Pipeline ===
Started:      Mon Apr 27 05:42:20 +04 2026
Base config:  /scratch/mb10856/MLIR-RL/config/baseline.json
Log:          pipeline_logs/pipeline_20260427_054220.log

Implementations to process:
  [resolve] rl_autoschedular → config/baseline.json
  rl_autoschedular → baseline.json
  [resolve] rl_autoschedular_v1 → config/v1.json
  rl_autoschedular_v1 → v1.json
  [resolve] rl_autoschedular_v2 → config/v2.json
  rl_autoschedular_v2 → v2.json
  [resolve] rl_autoschedular_v3 → config/v3.json
  rl_autoschedular_v3 → v3.json
  [resolve] rl_autoschedular_v4 → config/v4.json
  rl_autoschedular_v4 → v4.json

──────────── Step 1: MLIR baseline ────────────
  Submitting get_base job...
  ✓ Submitted: Job 15139340

──────────── Step 2: PyTorch baselines ────────────
  Running get_pytorch_times.py...
Traceback (most recent call last):
  File "/scratch/mb10856/MLIR-RL/scripts/get_pytorch_times.py", line 367, in <module>
    main()
  File "/scratch/mb10856/MLIR-RL/scripts/get_pytorch_times.py", line 288, in main
    with open(eval_json) as _f:
         ^^^^^^^^^^^^^^^
IsADirectoryError: [Errno 21] Is a directory: '.'
  ✗ Failed

──────────── Step 3: Train/eval split ────────────
  Running split_json.py...
Traceback (most recent call last):
  File "/scratch/mb10856/MLIR-RL/scripts/split_json.py", line 48, in <module>
    with open(input_path) as f:
         ^^^^^^^^^^^^^^^^
FileNotFoundError: [Errno 2] No such file or directory: 'results/my_experiment/exec_times/base.json'
  ✗ Failed
  [resolve] rl_autoschedular → config/baseline.json

──────────── Step 4: Train rl_autoschedular [1/5] ────────────
  Config: baseline.json
  ✓ Submitted: Job 15139341
──────────── Step 5: Eval rl_autoschedular [1/5] ────────────
  ✓ Submitted: Job 15139342 (waits for 15139341)
  [resolve] rl_autoschedular_v1 → config/v1.json

──────────── Step 4: Train rl_autoschedular_v1 [2/5] ────────────
  Config: v1.json
  ✓ Submitted: Job 15139343
──────────── Step 5: Eval rl_autoschedular_v1 [2/5] ────────────
  ✓ Submitted: Job 15139344 (waits for 15139343)
  [resolve] rl_autoschedular_v2 → config/v2.json

──────────── Step 4: Train rl_autoschedular_v2 [3/5] ────────────
  Config: v2.json
  ✓ Submitted: Job 15139345
──────────── Step 5: Eval rl_autoschedular_v2 [3/5] ────────────
  ✓ Submitted: Job 15139346 (waits for 15139345)
  [resolve] rl_autoschedular_v3 → config/v3.json

──────────── Step 4: Train rl_autoschedular_v3 [4/5] ────────────
  Config: v3.json
  ✓ Submitted: Job 15139347
──────────── Step 5: Eval rl_autoschedular_v3 [4/5] ────────────
  ✓ Submitted: Job 15139348 (waits for 15139347)
  [resolve] rl_autoschedular_v4 → config/v4.json

──────────── Step 4: Train rl_autoschedular_v4 [5/5] ────────────
  Config: v4.json
  ✓ Submitted: Job 15139349
──────────── Step 5: Eval rl_autoschedular_v4 [5/5] ────────────
  ✓ Submitted: Job 15139350 (waits for 15139349)

=== Pipeline submitted ===
Log:      pipeline_logs/pipeline_20260427_054220.log
Status:   pipeline_logs/pipeline_20260427_054220.status

Monitor jobs:     squeue -u $USER
Monitor pipeline: cat pipeline_logs/pipeline_20260427_054220.status | python3 -m json.tool
Dashboard:        cd dashboard && streamlit run dashboard.py

Completed at Mon Apr 27 05:42:27 +04 2026

=== Submission summary ===
  completed_at: 2026-04-27T05:42:27+04:00
  eval_rl_autoschedular: submitted_15139342
  eval_rl_autoschedular_v1: submitted_15139344
  eval_rl_autoschedular_v2: submitted_15139346
  eval_rl_autoschedular_v3: submitted_15139348
  eval_rl_autoschedular_v4: submitted_15139350
  started: 20260427_054220
  step1_mlir_base: submitted_15139340
  step2_pytorch: failed
  step3_split: failed
  train_rl_autoschedular: submitted_15139341
  train_rl_autoschedular_v1: submitted_15139343
  train_rl_autoschedular_v2: submitted_15139345
  train_rl_autoschedular_v3: submitted_15139347
  train_rl_autoschedular_v4: submitted_15139349
