=== MLIR-RL Pipeline ===
Started:      Mon Apr 27 05:40:52 +04 2026
Base config:  /scratch/mb10856/MLIR-RL/config/baseline.json
Log:          pipeline_logs/pipeline_20260427_054052.log

Implementations to process:
  [resolve] rl_autoschedular → config/baseline.json
  rl_autoschedular → baseline.json
  [resolve] rl_autoschedular_v1 → config/v1.json
  rl_autoschedular_v1 → v1.json
  [resolve] rl_autoschedular_v2 → config/v2.json
  rl_autoschedular_v2 → v2.json
  [resolve] rl_autoschedular_v3 → config/v3.json
  rl_autoschedular_v3 → v3.json
  [resolve] rl_autoschedular_v4 → config/v4.json
  rl_autoschedular_v4 → v4.json

──────────── Step 1: MLIR baseline ────────────
  Submitting get_base job...
  ✗ Failed to submit. Error: scripts/pipeline.sh: line 157: sbatch: command not found

──────────── Step 2: PyTorch baselines ────────────
  Running get_pytorch_times.py...
Traceback (most recent call last):
  File "/scratch/mb10856/MLIR-RL/scripts/get_pytorch_times.py", line 365, in <module>
    main()
  File "/scratch/mb10856/MLIR-RL/scripts/get_pytorch_times.py", line 286, in main
    eval_json = Path(_cfg["eval_json_file"])
                     ~~~~^^^^^^^^^^^^^^^^^^
KeyError: 'eval_json_file'
  ✗ Failed

──────────── Step 3: Train/eval split ────────────
  Running split_json.py...
Traceback (most recent call last):
  File "/scratch/mb10856/MLIR-RL/scripts/split_json.py", line 48, in <module>
    with open(input_path) as f:
         ^^^^^^^^^^^^^^^^
FileNotFoundError: [Errno 2] No such file or directory: 'results/my_experiment/exec_times/base.json'
  ✗ Failed
  [resolve] rl_autoschedular → config/baseline.json

──────────── Step 4: Train rl_autoschedular [1/5] ────────────
  Config: baseline.json
  ✗ Train submission failed for rl_autoschedular — skipping eval
    Error: scripts/pipeline.sh: line 228: sbatch: command not found
  [resolve] rl_autoschedular_v1 → config/v1.json

──────────── Step 4: Train rl_autoschedular_v1 [2/5] ────────────
  Config: v1.json
  ✗ Train submission failed for rl_autoschedular_v1 — skipping eval
    Error: scripts/pipeline.sh: line 228: sbatch: command not found
  [resolve] rl_autoschedular_v2 → config/v2.json

──────────── Step 4: Train rl_autoschedular_v2 [3/5] ────────────
  Config: v2.json
  ✗ Train submission failed for rl_autoschedular_v2 — skipping eval
    Error: scripts/pipeline.sh: line 228: sbatch: command not found
  [resolve] rl_autoschedular_v3 → config/v3.json

──────────── Step 4: Train rl_autoschedular_v3 [4/5] ────────────
  Config: v3.json
  ✗ Train submission failed for rl_autoschedular_v3 — skipping eval
    Error: scripts/pipeline.sh: line 228: sbatch: command not found
  [resolve] rl_autoschedular_v4 → config/v4.json

──────────── Step 4: Train rl_autoschedular_v4 [5/5] ────────────
  Config: v4.json
  ✗ Train submission failed for rl_autoschedular_v4 — skipping eval
    Error: scripts/pipeline.sh: line 228: sbatch: command not found

=== Pipeline submitted ===
Log:      pipeline_logs/pipeline_20260427_054052.log
Status:   pipeline_logs/pipeline_20260427_054052.status

Monitor jobs:     squeue -u $USER
Monitor pipeline: cat pipeline_logs/pipeline_20260427_054052.status | python3 -m json.tool
Dashboard:        cd dashboard && streamlit run dashboard.py

Completed at Mon Apr 27 05:40:58 +04 2026

=== Submission summary ===
  completed_at: 2026-04-27T05:40:58+04:00
  eval_rl_autoschedular: skipped_train_failed
  eval_rl_autoschedular_v1: skipped_train_failed
  eval_rl_autoschedular_v2: skipped_train_failed
  eval_rl_autoschedular_v3: skipped_train_failed
  eval_rl_autoschedular_v4: skipped_train_failed
  started: 20260427_054052
  step1_mlir_base: failed
  step2_pytorch: failed
  step3_split: failed
  train_rl_autoschedular: submit_failed
  train_rl_autoschedular_v1: submit_failed
  train_rl_autoschedular_v2: submit_failed
  train_rl_autoschedular_v3: submit_failed
  train_rl_autoschedular_v4: submit_failed
